# JRE version: Java(TM) SE Runtime Environment (8.0_101-b13) (build 1.8.0_101-b13)
# Java VM: Java HotSpot(TM) 64-Bit Server VM (25.101-b13 mixed mode linux-amd64 compressed oops)
Heap:
 PSYoungGen      total 300544K, used 26275K [0x00000000eab00000, 0x0000000100000000, 0x0000000100000000)
  eden space 250368K, 0% used [0x00000000eab00000,0x00000000eab00000,0x00000000f9f80000)
  from space 50176K, 52% used [0x00000000fcf00000,0x00000000fe8a8db0,0x0000000100000000)
  to   space 48640K, 0% used [0x00000000f9f80000,0x00000000f9f80000,0x00000000fcf00000)
 ParOldGen       total 699392K, used 59852K [0x00000000c0000000, 0x00000000eab00000, 0x00000000eab00000)
  object space 699392K, 8% used [0x00000000c0000000,0x00000000c3a733e8,0x00000000eab00000)
 Metaspace       used 102872K, capacity 103856K, committed 104344K, reserved 1136640K
  class space    used 17447K, capacity 17725K, committed 17840K, reserved 1048576K
GC Heap History (10 events):
Event: 10.721 GC heap after
Heap after GC invocations=11 (full 4):
 PSYoungGen      total 305664K, used 43507K [0x00000000eab00000, 0x0000000100000000, 0x0000000100000000)
  eden space 262144K, 0% used [0x00000000eab00000,0x00000000eab00000,0x00000000fab00000)
  from space 43520K, 99% used [0x00000000fab00000,0x00000000fd57ce18,0x00000000fd580000)
  to   space 43520K, 0% used [0x00000000fd580000,0x00000000fd580000,0x0000000100000000)
 ParOldGen       total 699392K, used 19367K [0x00000000c0000000, 0x00000000eab00000, 0x00000000eab00000)
  object space 699392K, 2% used [0x00000000c0000000,0x00000000c12e9fd8,0x00000000eab00000)
 Metaspace       used 76054K, capacity 76700K, committed 76840K, reserved 1112064K
  class space    used 13839K, capacity 14015K, committed 14128K, reserved 1048576K
}
Event: 10.763 GC heap before
{Heap before GC invocations=12 (full 4):
 PSYoungGen      total 305664K, used 58908K [0x00000000eab00000, 0x0000000100000000, 0x0000000100000000)
  eden space 262144K, 5% used [0x00000000eab00000,0x00000000eba0a580,0x00000000fab00000)
  from space 43520K, 99% used [0x00000000fab00000,0x00000000fd57ce18,0x00000000fd580000)
  to   space 43520K, 0% used [0x00000000fd580000,0x00000000fd580000,0x0000000100000000)
 ParOldGen       total 699392K, used 19367K [0x00000000c0000000, 0x00000000eab00000, 0x00000000eab00000)
  object space 699392K, 2% used [0x00000000c0000000,0x00000000c12e9fd8,0x00000000eab00000)
 Metaspace       used 76336K, capacity 76956K, committed 77080K, reserved 1112064K
  class space    used 13906K, capacity 14079K, committed 14128K, reserved 1048576K
Event: 10.796 GC heap after
Heap after GC invocations=12 (full 4):
 PSYoungGen      total 286208K, used 43492K [0x00000000eab00000, 0x0000000100000000, 0x0000000100000000)
  eden space 242688K, 0% used [0x00000000eab00000,0x00000000eab00000,0x00000000f9800000)
  from space 43520K, 99% used [0x00000000fd580000,0x00000000ffff9308,0x0000000100000000)
  to   space 53248K, 0% used [0x00000000f9800000,0x00000000f9800000,0x00000000fcc00000)
 ParOldGen       total 699392K, used 20015K [0x00000000c0000000, 0x00000000eab00000, 0x00000000eab00000)
  object space 699392K, 2% used [0x00000000c0000000,0x00000000c138bfe8,0x00000000eab00000)
 Metaspace       used 76336K, capacity 76956K, committed 77080K, reserved 1112064K
  class space    used 13906K, capacity 14079K, committed 14128K, reserved 1048576K
}
Event: 10.796 GC heap before
{Heap before GC invocations=13 (full 5):
 PSYoungGen      total 286208K, used 43492K [0x00000000eab00000, 0x0000000100000000, 0x0000000100000000)
  eden space 242688K, 0% used [0x00000000eab00000,0x00000000eab00000,0x00000000f9800000)
  from space 43520K, 99% used [0x00000000fd580000,0x00000000ffff9308,0x0000000100000000)
  to   space 53248K, 0% used [0x00000000f9800000,0x00000000f9800000,0x00000000fcc00000)
 ParOldGen       total 699392K, used 20015K [0x00000000c0000000, 0x00000000eab00000, 0x00000000eab00000)
  object space 699392K, 2% used [0x00000000c0000000,0x00000000c138bfe8,0x00000000eab00000)
 Metaspace       used 76336K, capacity 76956K, committed 77080K, reserved 1112064K
  class space    used 13906K, capacity 14079K, committed 14128K, reserved 1048576K
Event: 10.961 GC heap after
Heap after GC invocations=13 (full 5):
 PSYoungGen      total 286208K, used 0K [0x00000000eab00000, 0x0000000100000000, 0x0000000100000000)
  eden space 242688K, 0% used [0x00000000eab00000,0x00000000eab00000,0x00000000f9800000)
  from space 43520K, 0% used [0x00000000fd580000,0x00000000fd580000,0x0000000100000000)
  to   space 53248K, 0% used [0x00000000f9800000,0x00000000f9800000,0x00000000fcc00000)
 ParOldGen       total 699392K, used 59836K [0x00000000c0000000, 0x00000000eab00000, 0x00000000eab00000)
  object space 699392K, 8% used [0x00000000c0000000,0x00000000c3a6f3e8,0x00000000eab00000)
 Metaspace       used 73336K, capacity 73900K, committed 77080K, reserved 1112064K
  class space    used 13386K, capacity 13553K, committed 14128K, reserved 1048576K
}
Event: 12.577 GC heap before
{Heap before GC invocations=14 (full 5):
 PSYoungGen      total 286208K, used 242688K [0x00000000eab00000, 0x0000000100000000, 0x0000000100000000)
  eden space 242688K, 100% used [0x00000000eab00000,0x00000000f9800000,0x00000000f9800000)
  from space 43520K, 0% used [0x00000000fd580000,0x00000000fd580000,0x0000000100000000)
  to   space 53248K, 0% used [0x00000000f9800000,0x00000000f9800000,0x00000000fcc00000)
 ParOldGen       total 699392K, used 59836K [0x00000000c0000000, 0x00000000eab00000, 0x00000000eab00000)
  object space 699392K, 8% used [0x00000000c0000000,0x00000000c3a6f3e8,0x00000000eab00000)
 Metaspace       used 93393K, capacity 94204K, committed 94616K, reserved 1128448K
  class space    used 16014K, capacity 16259K, committed 16304K, reserved 1048576K
Event: 12.594 GC heap after
Heap after GC invocations=14 (full 5):
 PSYoungGen      total 295936K, used 22272K [0x00000000eab00000, 0x0000000100000000, 0x0000000100000000)
  eden space 242688K, 0% used [0x00000000eab00000,0x00000000eab00000,0x00000000f9800000)
  from space 53248K, 41% used [0x00000000f9800000,0x00000000fadc00a8,0x00000000fcc00000)
  to   space 50176K, 0% used [0x00000000fcf00000,0x00000000fcf00000,0x0000000100000000)
 ParOldGen       total 699392K, used 59844K [0x00000000c0000000, 0x00000000eab00000, 0x00000000eab00000)
  object space 699392K, 8% used [0x00000000c0000000,0x00000000c3a713e8,0x00000000eab00000)
 Metaspace       used 93393K, capacity 94204K, committed 94616K, reserved 1128448K
  class space    used 16014K, capacity 16259K, committed 16304K, reserved 1048576K
}
Event: 457.951 GC heap before
{Heap before GC invocations=15 (full 5):
 PSYoungGen      total 295936K, used 210188K [0x00000000eab00000, 0x0000000100000000, 0x0000000100000000)
  eden space 242688K, 77% used [0x00000000eab00000,0x00000000f6283248,0x00000000f9800000)
  from space 53248K, 41% used [0x00000000f9800000,0x00000000fadc00a8,0x00000000fcc00000)
  to   space 50176K, 0% used [0x00000000fcf00000,0x00000000fcf00000,0x0000000100000000)
 ParOldGen       total 699392K, used 59844K [0x00000000c0000000, 0x00000000eab00000, 0x00000000eab00000)
  object space 699392K, 8% used [0x00000000c0000000,0x00000000c3a713e8,0x00000000eab00000)
 Metaspace       used 102872K, capacity 103856K, committed 104344K, reserved 1136640K
  class space    used 17447K, capacity 17725K, committed 17840K, reserved 1048576K
Event: 457.981 GC heap after
Heap after GC invocations=15 (full 5):
 PSYoungGen      total 300544K, used 26275K [0x00000000eab00000, 0x0000000100000000, 0x0000000100000000)
  eden space 250368K, 0% used [0x00000000eab00000,0x00000000eab00000,0x00000000f9f80000)
  from space 50176K, 52% used [0x00000000fcf00000,0x00000000fe8a8db0,0x0000000100000000)
  to   space 48640K, 0% used [0x00000000f9f80000,0x00000000f9f80000,0x00000000fcf00000)
 ParOldGen       total 699392K, used 59852K [0x00000000c0000000, 0x00000000eab00000, 0x00000000eab00000)
  object space 699392K, 8% used [0x00000000c0000000,0x00000000c3a733e8,0x00000000eab00000)
 Metaspace       used 102872K, capacity 103856K, committed 104344K, reserved 1136640K
  class space    used 17447K, capacity 17725K, committed 17840K, reserved 1048576K
}
Event: 457.981 GC heap before
{Heap before GC invocations=16 (full 6):
 PSYoungGen      total 300544K, used 26275K [0x00000000eab00000, 0x0000000100000000, 0x0000000100000000)
  eden space 250368K, 0% used [0x00000000eab00000,0x00000000eab00000,0x00000000f9f80000)
  from space 50176K, 52% used [0x00000000fcf00000,0x00000000fe8a8db0,0x0000000100000000)
  to   space 48640K, 0% used [0x00000000f9f80000,0x00000000f9f80000,0x00000000fcf00000)
 ParOldGen       total 699392K, used 59852K [0x00000000c0000000, 0x00000000eab00000, 0x00000000eab00000)
  object space 699392K, 8% used [0x00000000c0000000,0x00000000c3a733e8,0x00000000eab00000)
 Metaspace       used 102872K, capacity 103856K, committed 104344K, reserved 1136640K
  class space    used 17447K, capacity 17725K, committed 17840K, reserved 1048576K

